#
# A fatal error has been detected by the Java Runtime Environment:
#
#  Internal Error (safepoint.cpp:745), pid=2337, tid=35587
#  fatal error: Illegal threadstate encountered: 10
#
# JRE version: Java(TM) SE Runtime Environment (17.0.2+8) (build 17.0.2+8-LTS-86)
# Java VM: Java HotSpot(TM) 64-Bit Server VM (17.0.2+8-LTS-86, mixed mode, sharing, tiered, compressed oops, compressed class ptrs, g1 gc, bsd-amd64)
# No core dump will be written. Core dumps have been disabled. To enable core dumping, try "ulimit -c unlimited" before starting Java again
#
# If you would like to submit a bug report, please visit:
#   https://bugreport.java.com/bugreport/crash.jsp
# The crash happened outside the Java Virtual Machine in native code.
# See problematic frame for where to report the bug.
#

---------------  S U M M A R Y ------------

Command Line: -XX:+ShowCodeDetailsInExceptionMessages --module-path=/Users/felix/Hauptordner/Universität/A1S2/1PP/Project/course-project-by-lucas-felix/target/classes:/Users/felix/.m2/repository/org/openjfx/javafx-controls/17.0.1/javafx-controls-17.0.1-mac.jar:/Users/felix/.m2/repository/org/openjfx/javafx-graphics/17.0.1/javafx-graphics-17.0.1-mac.jar:/Users/felix/.m2/repository/org/openjfx/javafx-base/17.0.1/javafx-base-17.0.1-mac.jar:/Users/felix/.m2/repository/org/openjfx/javafx-fxml/17.0.1/javafx-fxml-17.0.1-mac.jar -Djdk.module.main=projectgrouplf projectgrouplf/projectgrouplf.Launcher

Host: "MacBookPro12,1" x86_64 2700 MHz, 4 cores, 8G, Darwin 21.5.0, macOS 12.4 (21F79)
Time: Wed Jun  8 10:05:40 2022 CEST elapsed time: 29.269522 seconds (0d 0h 0m 29s)

---------------  T H R E A D  ---------------

Current thread (0x00007fa99821de00):  JavaThread "InvokeLaterDispatcher" daemon [_thread_in_native, id=35587, stack(0x0000700010fd2000,0x00007000110d2000)]

Stack: [0x0000700010fd2000,0x00007000110d2000],  sp=0x00007000110d1600,  free space=1021k
Native frames: (J=compiled Java code, j=interpreted, Vv=VM code, C=native code)
V  [libjvm.dylib+0xa66c06]  _ZN7VMError14report_and_dieEiPKcS1_P13__va_list_tagP6ThreadPhPvS7_S1_im+0x696
V  [libjvm.dylib+0x34f43b]  _Z12report_fatal11VMErrorTypePKciS1_z+0xbb
V  [libjvm.dylib+0x91264f]  _ZN20SafepointSynchronize5blockEP10JavaThread+0x10f
V  [libjvm.dylib+0x9148ff]  _ZN18SafepointMechanism7processEP10JavaThreadb+0x2f
V  [libjvm.dylib+0x55df2e]  jni_DeleteGlobalRef+0x5e
C  [libglass.dylib+0x82e8]  -[GlassRunnable dealloc]+0x28
C  [Foundation+0x818ee]  -[_NSThreadPerformInfo dealloc]+0x2a
C  [Foundation+0x4e466]  -[NSObject(NSThreadPerformAdditions) performSelectorOnMainThread:withObject:waitUntilDone:]+0x7c
J 2493  com.sun.glass.ui.mac.MacApplication._submitForLaterInvocation(Ljava/lang/Runnable;)V javafx.graphics (0 bytes) @ 0x000000011711d667 [0x000000011711d5a0+0x00000000000000c7]
j  com.sun.glass.ui.mac.MacApplication.submitForLaterInvocation(Ljava/lang/Runnable;)V+2 javafx.graphics
j  com.sun.glass.ui.InvokeLaterDispatcher.run()V+82 javafx.graphics
v  ~StubRoutines::call_stub
V  [libjvm.dylib+0x5053c1]  _ZN9JavaCalls11call_helperEP9JavaValueRK12methodHandleP17JavaCallArgumentsP10JavaThread+0x2a1
V  [libjvm.dylib+0x504437]  _ZN9JavaCalls12call_virtualEP9JavaValueP5KlassP6SymbolS5_P17JavaCallArgumentsP10JavaThread+0x147
V  [libjvm.dylib+0x504503]  _ZN9JavaCalls12call_virtualEP9JavaValue6HandleP5KlassP6SymbolS6_P10JavaThread+0x63
V  [libjvm.dylib+0x5acde4]  _ZL12thread_entryP10JavaThreadS0_+0xb4
V  [libjvm.dylib+0x9f19a2]  _ZN10JavaThread17thread_main_innerEv+0x142
V  [libjvm.dylib+0x9eff9a]  _ZN6Thread8call_runEv+0x11a
V  [libjvm.dylib+0x884258]  _ZL19thread_native_entryP6Thread+0x148
C  [libsystem_pthread.dylib+0x64e1]  _pthread_start+0x7d
C  [libsystem_pthread.dylib+0x1f6b]  thread_start+0xf

Java frames: (J=compiled Java code, j=interpreted, Vv=VM code)
J 2493  com.sun.glass.ui.mac.MacApplication._submitForLaterInvocation(Ljava/lang/Runnable;)V javafx.graphics (0 bytes) @ 0x000000011711d5f4 [0x000000011711d5a0+0x0000000000000054]
j  com.sun.glass.ui.mac.MacApplication.submitForLaterInvocation(Ljava/lang/Runnable;)V+2 javafx.graphics
j  com.sun.glass.ui.InvokeLaterDispatcher.run()V+82 javafx.graphics
v  ~StubRoutines::call_stub

---------------  P R O C E S S  ---------------

Threads class SMR info:
_java_thread_list=0x00006000012e09a0, length=18, elements={
0x00007fa99900de00, 0x00007fa998036e00, 0x00007fa999090e00, 0x00007fa998037a00,
0x00007fa998039a00, 0x00007fa999091a00, 0x00007fa999093000, 0x00007fa999090000,
0x00007fa999090600, 0x00007fa999088c00, 0x00007fa999184000, 0x00007fa998126400,
0x00007fa99821de00, 0x00007fa99821e400, 0x00007fa998224a00, 0x00007fa999428e00,
0x00007fa998351200, 0x00007fa9994e7e00
}

Java Threads: ( => current thread )
  0x00007fa99900de00 JavaThread "main" [_thread_blocked, id=6403, stack(0x000070000fb93000,0x000070000fc93000)]
  0x00007fa998036e00 JavaThread "Reference Handler" daemon [_thread_blocked, id=16899, stack(0x00007000102a8000,0x00007000103a8000)]
  0x00007fa999090e00 JavaThread "Finalizer" daemon [_thread_blocked, id=16387, stack(0x00007000103ab000,0x00007000104ab000)]
  0x00007fa998037a00 JavaThread "Signal Dispatcher" daemon [_thread_blocked, id=41987, stack(0x00007000105b4000,0x00007000106b4000)]
  0x00007fa998039a00 JavaThread "Service Thread" daemon [_thread_blocked, id=41475, stack(0x00007000106b7000,0x00007000107b7000)]
  0x00007fa999091a00 JavaThread "Monitor Deflation Thread" daemon [_thread_blocked, id=41219, stack(0x00007000107ba000,0x00007000108ba000)]
  0x00007fa999093000 JavaThread "C2 CompilerThread0" daemon [_thread_blocked, id=40707, stack(0x00007000108bd000,0x00007000109bd000)]
  0x00007fa999090000 JavaThread "C1 CompilerThread0" daemon [_thread_blocked, id=22787, stack(0x00007000109c0000,0x0000700010ac0000)]
  0x00007fa999090600 JavaThread "Sweeper thread" daemon [_thread_blocked, id=39939, stack(0x0000700010ac3000,0x0000700010bc3000)]
  0x00007fa999088c00 JavaThread "Common-Cleaner" daemon [_thread_blocked, id=39427, stack(0x0000700010bc6000,0x0000700010cc6000)]
  0x00007fa999184000 JavaThread "Notification Thread" daemon [_thread_blocked, id=23299, stack(0x0000700010cc9000,0x0000700010dc9000)]
  0x00007fa998126400 JavaThread "QuantumRenderer-0" daemon [_thread_blocked, id=38403, stack(0x0000700010ecf000,0x0000700010fcf000)]
=>0x00007fa99821de00 JavaThread "InvokeLaterDispatcher" daemon [_thread_in_native, id=35587, stack(0x0000700010fd2000,0x00007000110d2000)]
  0x00007fa99821e400 JavaThread "JavaFX Application Thread" [_thread_in_native, id=259, stack(0x00007ff7bda78000,0x00007ff7be278000)]
  0x00007fa998224a00 JavaThread "JavaFX-Launcher" [_thread_blocked, id=47631, stack(0x000070001166a000,0x000070001176a000)]
  0x00007fa999428e00 JavaThread "Prism Font Disposer" daemon [_thread_blocked, id=50443, stack(0x00007000110d5000,0x00007000111d5000)]
  0x00007fa998351200 JavaThread "Cleaner-0" daemon [_thread_blocked, id=55823, stack(0x00007000117f0000,0x00007000118f0000)]
  0x00007fa9994e7e00 JavaThread "PulseTimer-CVDisplayLink thread" daemon [_thread_in_native, id=29191, stack(0x0000700010531000,0x00007000105b1000)]

Other Threads:
  0x00007fa99880e970 VMThread "VM Thread" [stack: 0x00007000101a5000,0x00007000102a5000] [id=15107]
  0x00007fa997f19140 WatcherThread [stack: 0x0000700010dcc000,0x0000700010ecc000] [id=38915]
  0x00007fa998807fb0 GCTaskThread "GC Thread#0" [stack: 0x000070000fc96000,0x000070000fd96000] [id=20227]
  0x00007fa997f45cb0 GCTaskThread "GC Thread#1" [stack: 0x00007000112de000,0x00007000113de000] [id=50951]
  0x00007fa9988525f0 GCTaskThread "GC Thread#2" [stack: 0x00007000113e1000,0x00007000114e1000] [id=78339]
  0x00007fa9988534a0 GCTaskThread "GC Thread#3" [stack: 0x00007000114e4000,0x00007000115e4000] [id=78083]
  0x00007fa998808650 ConcurrentGCThread "G1 Main Marker" [stack: 0x000070000fd99000,0x000070000fe99000] [id=19971]
  0x00007fa998808ed0 ConcurrentGCThread "G1 Conc#0" [stack: 0x000070000fe9c000,0x000070000ff9c000] [id=13571]
  0x00007fa99880a870 ConcurrentGCThread "G1 Refine#0" [stack: 0x000070000ff9f000,0x000070001009f000] [id=14083]
  0x00007fa99880b100 ConcurrentGCThread "G1 Service" [stack: 0x00007000100a2000,0x00007000101a2000] [id=14339]

Threads with active compile tasks:

VM state: not at safepoint (normal execution)

VM Mutex/Monitor currently owned by a thread: None

Heap address: 0x0000000780000000, size: 2048 MB, Compressed Oops mode: Zero based, Oop shift amount: 3

CDS archive(s) mapped at: [0x0000000800000000-0x0000000800bd8000-0x0000000800bd8000), size 12419072, SharedBaseAddress: 0x0000000800000000, ArchiveRelocationMode: 0.
Compressed class space mapped at: 0x0000000800c00000-0x0000000840c00000, reserved size: 1073741824
Narrow klass base: 0x0000000800000000, Narrow klass shift: 0, Narrow klass range: 0x100000000

GC Precious Log:
 CPUs: 4 total, 4 available
 Memory: 8192M
 Large Page Support: Disabled
 NUMA Support: Disabled
 Compressed Oops: Enabled (Zero based)
 Heap Region Size: 1M
 Heap Min Capacity: 8M
 Heap Initial Capacity: 128M
 Heap Max Capacity: 2G
 Pre-touch: Disabled
 Parallel Workers: 4
 Concurrent Workers: 1
 Concurrent Refinement Workers: 4
 Periodic GC: Disabled

Heap:
 garbage-first heap   total 133120K, used 23025K [0x0000000780000000, 0x0000000800000000)
  region size 1024K, 19 young (19456K), 3 survivors (3072K)
 Metaspace       used 13159K, committed 13376K, reserved 1064960K
  class space    used 1819K, committed 1920K, reserved 1048576K

Heap Regions: E=young(eden), S=young(survivor), O=old, HS=humongous(starts), HC=humongous(continues), CS=collection set, F=free, OA=open archive, CA=closed archive, TAMS=top-at-mark-start (previous, next)
|   0|0x0000000780000000, 0x0000000780100000, 0x0000000780100000|100%| O|  |TAMS 0x0000000780000000, 0x0000000780000000| Untracked 
|   1|0x0000000780100000, 0x0000000780200000, 0x0000000780200000|100%| O|  |TAMS 0x0000000780100000, 0x0000000780100000| Untracked 
|   2|0x0000000780200000, 0x0000000780215000, 0x0000000780300000|  8%| O|  |TAMS 0x0000000780200000, 0x0000000780200000| Untracked 
|   3|0x0000000780300000, 0x0000000780400000, 0x0000000780400000|100%|HS|  |TAMS 0x0000000780300000, 0x0000000780300000| Complete 
|   4|0x0000000780400000, 0x0000000780500000, 0x0000000780500000|100%|HC|  |TAMS 0x0000000780400000, 0x0000000780400000| Complete 
|   5|0x0000000780500000, 0x0000000780500000, 0x0000000780600000|  0%| F|  |TAMS 0x0000000780500000, 0x0000000780500000| Untracked 
|   6|0x0000000780600000, 0x0000000780600000, 0x0000000780700000|  0%| F|  |TAMS 0x0000000780600000, 0x0000000780600000| Untracked 
|   7|0x0000000780700000, 0x0000000780700000, 0x0000000780800000|  0%| F|  |TAMS 0x0000000780700000, 0x0000000780700000| Untracked 
|   8|0x0000000780800000, 0x0000000780800000, 0x0000000780900000|  0%| F|  |TAMS 0x0000000780800000, 0x0000000780800000| Untracked 
|   9|0x0000000780900000, 0x0000000780900000, 0x0000000780a00000|  0%| F|  |TAMS 0x0000000780900000, 0x0000000780900000| Untracked 
|  10|0x0000000780a00000, 0x0000000780a00000, 0x0000000780b00000|  0%| F|  |TAMS 0x0000000780a00000, 0x0000000780a00000| Untracked 
|  11|0x0000000780b00000, 0x0000000780b00000, 0x0000000780c00000|  0%| F|  |TAMS 0x0000000780b00000, 0x0000000780b00000| Untracked 
|  12|0x0000000780c00000, 0x0000000780c00000, 0x0000000780d00000|  0%| F|  |TAMS 0x0000000780c00000, 0x0000000780c00000| Untracked 
|  13|0x0000000780d00000, 0x0000000780d00000, 0x0000000780e00000|  0%| F|  |TAMS 0x0000000780d00000, 0x0000000780d00000| Untracked 
|  14|0x0000000780e00000, 0x0000000780e00000, 0x0000000780f00000|  0%| F|  |TAMS 0x0000000780e00000, 0x0000000780e00000| Untracked 
|  15|0x0000000780f00000, 0x0000000780f00000, 0x0000000781000000|  0%| F|  |TAMS 0x0000000780f00000, 0x0000000780f00000| Untracked 
|  16|0x0000000781000000, 0x0000000781000000, 0x0000000781100000|  0%| F|  |TAMS 0x0000000781000000, 0x0000000781000000| Untracked 
|  17|0x0000000781100000, 0x0000000781100000, 0x0000000781200000|  0%| F|  |TAMS 0x0000000781100000, 0x0000000781100000| Untracked 
|  18|0x0000000781200000, 0x0000000781200000, 0x0000000781300000|  0%| F|  |TAMS 0x0000000781200000, 0x0000000781200000| Untracked 
|  19|0x0000000781300000, 0x0000000781300000, 0x0000000781400000|  0%| F|  |TAMS 0x0000000781300000, 0x0000000781300000| Untracked 
|  20|0x0000000781400000, 0x0000000781400000, 0x0000000781500000|  0%| F|  |TAMS 0x0000000781400000, 0x0000000781400000| Untracked 
|  21|0x0000000781500000, 0x0000000781500000, 0x0000000781600000|  0%| F|  |TAMS 0x0000000781500000, 0x0000000781500000| Untracked 
|  22|0x0000000781600000, 0x0000000781600000, 0x0000000781700000|  0%| F|  |TAMS 0x0000000781600000, 0x0000000781600000| Untracked 
|  23|0x0000000781700000, 0x0000000781700000, 0x0000000781800000|  0%| F|  |TAMS 0x0000000781700000, 0x0000000781700000| Untracked 
|  24|0x0000000781800000, 0x0000000781800000, 0x0000000781900000|  0%| F|  |TAMS 0x0000000781800000, 0x0000000781800000| Untracked 
|  25|0x0000000781900000, 0x0000000781900000, 0x0000000781a00000|  0%| F|  |TAMS 0x0000000781900000, 0x0000000781900000| Untracked 
|  26|0x0000000781a00000, 0x0000000781a00000, 0x0000000781b00000|  0%| F|  |TAMS 0x0000000781a00000, 0x0000000781a00000| Untracked 
|  27|0x0000000781b00000, 0x0000000781b00000, 0x0000000781c00000|  0%| F|  |TAMS 0x0000000781b00000, 0x0000000781b00000| Untracked 
|  28|0x0000000781c00000, 0x0000000781c00000, 0x0000000781d00000|  0%| F|  |TAMS 0x0000000781c00000, 0x0000000781c00000| Untracked 
|  29|0x0000000781d00000, 0x0000000781d00000, 0x0000000781e00000|  0%| F|  |TAMS 0x0000000781d00000, 0x0000000781d00000| Untracked 
|  30|0x0000000781e00000, 0x0000000781e00000, 0x0000000781f00000|  0%| F|  |TAMS 0x0000000781e00000, 0x0000000781e00000| Untracked 
|  31|0x0000000781f00000, 0x0000000781f00000, 0x0000000782000000|  0%| F|  |TAMS 0x0000000781f00000, 0x0000000781f00000| Untracked 
|  32|0x0000000782000000, 0x0000000782000000, 0x0000000782100000|  0%| F|  |TAMS 0x0000000782000000, 0x0000000782000000| Untracked 
|  33|0x0000000782100000, 0x0000000782100000, 0x0000000782200000|  0%| F|  |TAMS 0x0000000782100000, 0x0000000782100000| Untracked 
|  34|0x0000000782200000, 0x0000000782200000, 0x0000000782300000|  0%| F|  |TAMS 0x0000000782200000, 0x0000000782200000| Untracked 
|  35|0x0000000782300000, 0x0000000782300000, 0x0000000782400000|  0%| F|  |TAMS 0x0000000782300000, 0x0000000782300000| Untracked 
|  36|0x0000000782400000, 0x0000000782400000, 0x0000000782500000|  0%| F|  |TAMS 0x0000000782400000, 0x0000000782400000| Untracked 
|  37|0x0000000782500000, 0x0000000782500000, 0x0000000782600000|  0%| F|  |TAMS 0x0000000782500000, 0x0000000782500000| Untracked 
|  38|0x0000000782600000, 0x0000000782600000, 0x0000000782700000|  0%| F|  |TAMS 0x0000000782600000, 0x0000000782600000| Untracked 
|  39|0x0000000782700000, 0x0000000782700000, 0x0000000782800000|  0%| F|  |TAMS 0x0000000782700000, 0x0000000782700000| Untracked 
|  40|0x0000000782800000, 0x0000000782800000, 0x0000000782900000|  0%| F|  |TAMS 0x0000000782800000, 0x0000000782800000| Untracked 
|  41|0x0000000782900000, 0x0000000782900000, 0x0000000782a00000|  0%| F|  |TAMS 0x0000000782900000, 0x0000000782900000| Untracked 
|  42|0x0000000782a00000, 0x0000000782a00000, 0x0000000782b00000|  0%| F|  |TAMS 0x0000000782a00000, 0x0000000782a00000| Untracked 
|  43|0x0000000782b00000, 0x0000000782b00000, 0x0000000782c00000|  0%| F|  |TAMS 0x0000000782b00000, 0x0000000782b00000| Untracked 
|  44|0x0000000782c00000, 0x0000000782c00000, 0x0000000782d00000|  0%| F|  |TAMS 0x0000000782c00000, 0x0000000782c00000| Untracked 
|  45|0x0000000782d00000, 0x0000000782d00000, 0x0000000782e00000|  0%| F|  |TAMS 0x0000000782d00000, 0x0000000782d00000| Untracked 
|  46|0x0000000782e00000, 0x0000000782e00000, 0x0000000782f00000|  0%| F|  |TAMS 0x0000000782e00000, 0x0000000782e00000| Untracked 
|  47|0x0000000782f00000, 0x0000000782f00000, 0x0000000783000000|  0%| F|  |TAMS 0x0000000782f00000, 0x0000000782f00000| Untracked 
|  48|0x0000000783000000, 0x0000000783000000, 0x0000000783100000|  0%| F|  |TAMS 0x0000000783000000, 0x0000000783000000| Untracked 
|  49|0x0000000783100000, 0x0000000783100000, 0x0000000783200000|  0%| F|  |TAMS 0x0000000783100000, 0x0000000783100000| Untracked 
|  50|0x0000000783200000, 0x0000000783200000, 0x0000000783300000|  0%| F|  |TAMS 0x0000000783200000, 0x0000000783200000| Untracked 
|  51|0x0000000783300000, 0x0000000783300000, 0x0000000783400000|  0%| F|  |TAMS 0x0000000783300000, 0x0000000783300000| Untracked 
|  52|0x0000000783400000, 0x0000000783400000, 0x0000000783500000|  0%| F|  |TAMS 0x0000000783400000, 0x0000000783400000| Untracked 
|  53|0x0000000783500000, 0x0000000783500000, 0x0000000783600000|  0%| F|  |TAMS 0x0000000783500000, 0x0000000783500000| Untracked 
|  54|0x0000000783600000, 0x0000000783600000, 0x0000000783700000|  0%| F|  |TAMS 0x0000000783600000, 0x0000000783600000| Untracked 
|  55|0x0000000783700000, 0x0000000783700000, 0x0000000783800000|  0%| F|  |TAMS 0x0000000783700000, 0x0000000783700000| Untracked 
|  56|0x0000000783800000, 0x0000000783800000, 0x0000000783900000|  0%| F|  |TAMS 0x0000000783800000, 0x0000000783800000| Untracked 
|  57|0x0000000783900000, 0x0000000783900000, 0x0000000783a00000|  0%| F|  |TAMS 0x0000000783900000, 0x0000000783900000| Untracked 
|  58|0x0000000783a00000, 0x0000000783a00000, 0x0000000783b00000|  0%| F|  |TAMS 0x0000000783a00000, 0x0000000783a00000| Untracked 
|  59|0x0000000783b00000, 0x0000000783b00000, 0x0000000783c00000|  0%| F|  |TAMS 0x0000000783b00000, 0x0000000783b00000| Untracked 
|  60|0x0000000783c00000, 0x0000000783c00000, 0x0000000783d00000|  0%| F|  |TAMS 0x0000000783c00000, 0x0000000783c00000| Untracked 
|  61|0x0000000783d00000, 0x0000000783d00000, 0x0000000783e00000|  0%| F|  |TAMS 0x0000000783d00000, 0x0000000783d00000| Untracked 
|  62|0x0000000783e00000, 0x0000000783e00000, 0x0000000783f00000|  0%| F|  |TAMS 0x0000000783e00000, 0x0000000783e00000| Untracked 
|  63|0x0000000783f00000, 0x0000000783f00000, 0x0000000784000000|  0%| F|  |TAMS 0x0000000783f00000, 0x0000000783f00000| Untracked 
|  64|0x0000000784000000, 0x0000000784000000, 0x0000000784100000|  0%| F|  |TAMS 0x0000000784000000, 0x0000000784000000| Untracked 
|  65|0x0000000784100000, 0x0000000784100000, 0x0000000784200000|  0%| F|  |TAMS 0x0000000784100000, 0x0000000784100000| Untracked 
|  66|0x0000000784200000, 0x0000000784200000, 0x0000000784300000|  0%| F|  |TAMS 0x0000000784200000, 0x0000000784200000| Untracked 
|  67|0x0000000784300000, 0x0000000784300000, 0x0000000784400000|  0%| F|  |TAMS 0x0000000784300000, 0x0000000784300000| Untracked 
|  68|0x0000000784400000, 0x0000000784400000, 0x0000000784500000|  0%| F|  |TAMS 0x0000000784400000, 0x0000000784400000| Untracked 
|  69|0x0000000784500000, 0x0000000784500000, 0x0000000784600000|  0%| F|  |TAMS 0x0000000784500000, 0x0000000784500000| Untracked 
|  70|0x0000000784600000, 0x0000000784600000, 0x0000000784700000|  0%| F|  |TAMS 0x0000000784600000, 0x0000000784600000| Untracked 
|  71|0x0000000784700000, 0x0000000784700000, 0x0000000784800000|  0%| F|  |TAMS 0x0000000784700000, 0x0000000784700000| Untracked 
|  72|0x0000000784800000, 0x0000000784800000, 0x0000000784900000|  0%| F|  |TAMS 0x0000000784800000, 0x0000000784800000| Untracked 
|  73|0x0000000784900000, 0x0000000784900000, 0x0000000784a00000|  0%| F|  |TAMS 0x0000000784900000, 0x0000000784900000| Untracked 
|  74|0x0000000784a00000, 0x0000000784a00000, 0x0000000784b00000|  0%| F|  |TAMS 0x0000000784a00000, 0x0000000784a00000| Untracked 
|  75|0x0000000784b00000, 0x0000000784b00000, 0x0000000784c00000|  0%| F|  |TAMS 0x0000000784b00000, 0x0000000784b00000| Untracked 
|  76|0x0000000784c00000, 0x0000000784c00000, 0x0000000784d00000|  0%| F|  |TAMS 0x0000000784c00000, 0x0000000784c00000| Untracked 
|  77|0x0000000784d00000, 0x0000000784d00000, 0x0000000784e00000|  0%| F|  |TAMS 0x0000000784d00000, 0x0000000784d00000| Untracked 
|  78|0x0000000784e00000, 0x0000000784e00000, 0x0000000784f00000|  0%| F|  |TAMS 0x0000000784e00000, 0x0000000784e00000| Untracked 
|  79|0x0000000784f00000, 0x0000000784f00000, 0x0000000785000000|  0%| F|  |TAMS 0x0000000784f00000, 0x0000000784f00000| Untracked 
|  80|0x0000000785000000, 0x0000000785000000, 0x0000000785100000|  0%| F|  |TAMS 0x0000000785000000, 0x0000000785000000| Untracked 
|  81|0x0000000785100000, 0x0000000785100000, 0x0000000785200000|  0%| F|  |TAMS 0x0000000785100000, 0x0000000785100000| Untracked 
|  82|0x0000000785200000, 0x0000000785200000, 0x0000000785300000|  0%| F|  |TAMS 0x0000000785200000, 0x0000000785200000| Untracked 
|  83|0x0000000785300000, 0x0000000785300000, 0x0000000785400000|  0%| F|  |TAMS 0x0000000785300000, 0x0000000785300000| Untracked 
|  84|0x0000000785400000, 0x0000000785400000, 0x0000000785500000|  0%| F|  |TAMS 0x0000000785400000, 0x0000000785400000| Untracked 
|  85|0x0000000785500000, 0x0000000785500000, 0x0000000785600000|  0%| F|  |TAMS 0x0000000785500000, 0x0000000785500000| Untracked 
|  86|0x0000000785600000, 0x0000000785600000, 0x0000000785700000|  0%| F|  |TAMS 0x0000000785600000, 0x0000000785600000| Untracked 
|  87|0x0000000785700000, 0x0000000785700000, 0x0000000785800000|  0%| F|  |TAMS 0x0000000785700000, 0x0000000785700000| Untracked 
|  88|0x0000000785800000, 0x0000000785800000, 0x0000000785900000|  0%| F|  |TAMS 0x0000000785800000, 0x0000000785800000| Untracked 
|  89|0x0000000785900000, 0x0000000785900000, 0x0000000785a00000|  0%| F|  |TAMS 0x0000000785900000, 0x0000000785900000| Untracked 
|  90|0x0000000785a00000, 0x0000000785a00000, 0x0000000785b00000|  0%| F|  |TAMS 0x0000000785a00000, 0x0000000785a00000| Untracked 
|  91|0x0000000785b00000, 0x0000000785b00000, 0x0000000785c00000|  0%| F|  |TAMS 0x0000000785b00000, 0x0000000785b00000| Untracked 
|  92|0x0000000785c00000, 0x0000000785c00000, 0x0000000785d00000|  0%| F|  |TAMS 0x0000000785c00000, 0x0000000785c00000| Untracked 
|  93|0x0000000785d00000, 0x0000000785d00000, 0x0000000785e00000|  0%| F|  |TAMS 0x0000000785d00000, 0x0000000785d00000| Untracked 
|  94|0x0000000785e00000, 0x0000000785e00000, 0x0000000785f00000|  0%| F|  |TAMS 0x0000000785e00000, 0x0000000785e00000| Untracked 
|  95|0x0000000785f00000, 0x0000000785f00000, 0x0000000786000000|  0%| F|  |TAMS 0x0000000785f00000, 0x0000000785f00000| Untracked 
|  96|0x0000000786000000, 0x0000000786000000, 0x0000000786100000|  0%| F|  |TAMS 0x0000000786000000, 0x0000000786000000| Untracked 
|  97|0x0000000786100000, 0x0000000786100000, 0x0000000786200000|  0%| F|  |TAMS 0x0000000786100000, 0x0000000786100000| Untracked 
|  98|0x0000000786200000, 0x0000000786200000, 0x0000000786300000|  0%| F|  |TAMS 0x0000000786200000, 0x0000000786200000| Untracked 
|  99|0x0000000786300000, 0x0000000786300000, 0x0000000786400000|  0%| F|  |TAMS 0x0000000786300000, 0x0000000786300000| Untracked 
| 100|0x0000000786400000, 0x0000000786400000, 0x0000000786500000|  0%| F|  |TAMS 0x0000000786400000, 0x0000000786400000| Untracked 
| 101|0x0000000786500000, 0x0000000786500000, 0x0000000786600000|  0%| F|  |TAMS 0x0000000786500000, 0x0000000786500000| Untracked 
| 102|0x0000000786600000, 0x0000000786600000, 0x0000000786700000|  0%| F|  |TAMS 0x0000000786600000, 0x0000000786600000| Untracked 
| 103|0x0000000786700000, 0x00000007867725f0, 0x0000000786800000| 44%| S|CS|TAMS 0x0000000786700000, 0x0000000786700000| Complete 
| 104|0x0000000786800000, 0x0000000786900000, 0x0000000786900000|100%| S|CS|TAMS 0x0000000786800000, 0x0000000786800000| Complete 
| 105|0x0000000786900000, 0x0000000786a00000, 0x0000000786a00000|100%| S|CS|TAMS 0x0000000786900000, 0x0000000786900000| Complete 
| 106|0x0000000786a00000, 0x0000000786a00000, 0x0000000786b00000|  0%| F|  |TAMS 0x0000000786a00000, 0x0000000786a00000| Untracked 
| 107|0x0000000786b00000, 0x0000000786b00000, 0x0000000786c00000|  0%| F|  |TAMS 0x0000000786b00000, 0x0000000786b00000| Untracked 
| 108|0x0000000786c00000, 0x0000000786c00000, 0x0000000786d00000|  0%| F|  |TAMS 0x0000000786c00000, 0x0000000786c00000| Untracked 
| 109|0x0000000786d00000, 0x0000000786d00000, 0x0000000786e00000|  0%| F|  |TAMS 0x0000000786d00000, 0x0000000786d00000| Untracked 
| 110|0x0000000786e00000, 0x0000000786e00000, 0x0000000786f00000|  0%| F|  |TAMS 0x0000000786e00000, 0x0000000786e00000| Untracked 
| 111|0x0000000786f00000, 0x0000000786f00000, 0x0000000787000000|  0%| F|  |TAMS 0x0000000786f00000, 0x0000000786f00000| Untracked 
| 112|0x0000000787000000, 0x000000078704b578, 0x0000000787100000| 29%| E|  |TAMS 0x0000000787000000, 0x0000000787000000| Complete 
| 113|0x0000000787100000, 0x0000000787200000, 0x0000000787200000|100%| E|CS|TAMS 0x0000000787100000, 0x0000000787100000| Complete 
| 114|0x0000000787200000, 0x0000000787300000, 0x0000000787300000|100%| E|CS|TAMS 0x0000000787200000, 0x0000000787200000| Complete 
| 115|0x0000000787300000, 0x0000000787400000, 0x0000000787400000|100%| E|CS|TAMS 0x0000000787300000, 0x0000000787300000| Complete 
| 116|0x0000000787400000, 0x0000000787500000, 0x0000000787500000|100%| E|CS|TAMS 0x0000000787400000, 0x0000000787400000| Complete 
| 117|0x0000000787500000, 0x0000000787600000, 0x0000000787600000|100%| E|CS|TAMS 0x0000000787500000, 0x0000000787500000| Complete 
| 118|0x0000000787600000, 0x0000000787700000, 0x0000000787700000|100%| E|CS|TAMS 0x0000000787600000, 0x0000000787600000| Complete 
| 119|0x0000000787700000, 0x0000000787800000, 0x0000000787800000|100%| E|CS|TAMS 0x0000000787700000, 0x0000000787700000| Complete 
| 120|0x0000000787800000, 0x0000000787900000, 0x0000000787900000|100%| E|CS|TAMS 0x0000000787800000, 0x0000000787800000| Complete 
| 121|0x0000000787900000, 0x0000000787a00000, 0x0000000787a00000|100%| E|CS|TAMS 0x0000000787900000, 0x0000000787900000| Complete 
| 122|0x0000000787a00000, 0x0000000787b00000, 0x0000000787b00000|100%| E|CS|TAMS 0x0000000787a00000, 0x0000000787a00000| Complete 
| 123|0x0000000787b00000, 0x0000000787c00000, 0x0000000787c00000|100%| E|CS|TAMS 0x0000000787b00000, 0x0000000787b00000| Complete 
| 124|0x0000000787c00000, 0x0000000787d00000, 0x0000000787d00000|100%| E|CS|TAMS 0x0000000787c00000, 0x0000000787c00000| Complete 
| 125|0x0000000787d00000, 0x0000000787e00000, 0x0000000787e00000|100%| E|CS|TAMS 0x0000000787d00000, 0x0000000787d00000| Complete 
| 126|0x0000000787e00000, 0x0000000787f00000, 0x0000000787f00000|100%| E|CS|TAMS 0x0000000787e00000, 0x0000000787e00000| Complete 
| 127|0x0000000787f00000, 0x0000000788000000, 0x0000000788000000|100%| E|CS|TAMS 0x0000000787f00000, 0x0000000787f00000| Complete 
|2046|0x00000007ffe00000, 0x00000007ffe76000, 0x00000007fff00000| 46%|OA|  |TAMS 0x00000007ffe00000, 0x00000007ffe00000| Untracked 
|2047|0x00000007fff00000, 0x00000007fff7f000, 0x0000000800000000| 49%|CA|  |TAMS 0x00000007fff00000, 0x00000007fff00000| Untracked 

Card table byte_map: [0x0000000102464000,0x0000000102864000] _byte_map_base: 0x00000000fe864000

Marking Bits (Prev, Next): (CMBitMap*) 0x00007fa999034810, (CMBitMap*) 0x00007fa999034850
 Prev Bits: [0x0000000103e36000, 0x0000000105e36000)
 Next Bits: [0x000000011e57c000, 0x000000012057c000)

Polling page: 0x0000000101daf000

Metaspace:

Usage:
  Non-class:     11,07 MB used.
      Class:      1,78 MB used.
       Both:     12,85 MB used.

Virtual space:
  Non-class space:       16,00 MB reserved,      11,19 MB ( 70%) committed,  2 nodes.
      Class space:        1,00 GB reserved,       1,88 MB ( <1%) committed,  1 nodes.
             Both:        1,02 GB reserved,      13,06 MB (  1%) committed. 

Chunk freelists:
   Non-Class:  3,84 MB
       Class:  2,11 MB
        Both:  5,95 MB

MaxMetaspaceSize: unlimited
CompressedClassSpaceSize: 1,00 GB
Initial GC threshold: 21,00 MB
Current GC threshold: 21,00 MB
CDS: on
MetaspaceReclaimPolicy: balanced
 - commit_granule_bytes: 65536.
 - commit_granule_words: 8192.
 - virtual_space_node_default_size: 1048576.
 - enlarge_chunks_in_place: 1.
 - new_chunks_are_fully_committed: 0.
 - uncommit_free_chunks: 1.
 - use_allocation_guard: 0.
 - handle_deallocations: 1.


Internal statistics:

num_allocs_failed_limit: 0.
num_arena_births: 160.
num_arena_deaths: 0.
num_vsnodes_births: 3.
num_vsnodes_deaths: 0.
num_space_committed: 209.
num_space_uncommitted: 0.
num_chunks_returned_to_freelist: 0.
num_chunks_taken_from_freelist: 568.
num_chunk_merges: 0.
num_chunk_splits: 420.
num_chunks_enlarged: 347.
num_purges: 0.
num_inconsistent_stats: 0.

CodeHeap 'non-profiled nmethods': size=120032Kb used=904Kb max_used=904Kb free=119127Kb
 bounds [0x0000000117044000, 0x00000001172b4000, 0x000000011e57c000]
CodeHeap 'profiled nmethods': size=120028Kb used=4557Kb max_used=4557Kb free=115471Kb
 bounds [0x000000010fb0d000, 0x000000010ff8d000, 0x0000000117044000]
CodeHeap 'non-nmethods': size=5700Kb used=1397Kb max_used=1426Kb free=4302Kb
 bounds [0x000000010f57c000, 0x000000010f7ec000, 0x000000010fb0d000]
 total_blobs=3300 nmethods=2543 adapters=669
 compilation: enabled
              stopped_count=0, restarted_count=0
 full_count=0

Compilation events (20 events):
Event: 7,151 Thread 0x00007fa999090000 2534       3       javafx.scene.Node::preprocessMouseEvent (114 bytes)
Event: 7,152 Thread 0x00007fa999090000 nmethod 2534 0x000000010ff74590 code [0x000000010ff74960, 0x000000010ff769e0]
Event: 7,235 Thread 0x00007fa999090000 2535       3       javafx.animation.AnimationAccessorImpl::playTo (8 bytes)
Event: 7,236 Thread 0x00007fa999090000 nmethod 2535 0x000000010ff77290 code [0x000000010ff77440, 0x000000010ff77620]
Event: 7,236 Thread 0x00007fa999090000 2536       3       javafx.animation.Timeline::doPlayTo (9 bytes)
Event: 7,236 Thread 0x00007fa999090000 nmethod 2536 0x000000010ff77710 code [0x000000010ff778c0, 0x000000010ff77a20]
Event: 7,851 Thread 0x00007fa999090000 2537       3       javafx.scene.CssStyleHelper::getTransitionStates (144 bytes)
Event: 7,858 Thread 0x00007fa999090000 nmethod 2537 0x000000010ff77b10 code [0x000000010ff77de0, 0x000000010ff79180]
Event: 7,858 Thread 0x00007fa999090000 2539       3       javafx.scene.Node::layoutXProperty (25 bytes)
Event: 7,858 Thread 0x00007fa999090000 nmethod 2539 0x000000010ff79790 code [0x000000010ff79960, 0x000000010ff79e70]
Event: 7,858 Thread 0x00007fa999090000 2540       3       javafx.scene.Node::layoutYProperty (25 bytes)
Event: 7,858 Thread 0x00007fa999090000 nmethod 2540 0x000000010ff7a010 code [0x000000010ff7a1e0, 0x000000010ff7a6f0]
Event: 7,858 Thread 0x00007fa999090000 2538       3       javafx.scene.layout.VBox::getSpacing (19 bytes)
Event: 7,859 Thread 0x00007fa999090000 nmethod 2538 0x000000010ff7a890 code [0x000000010ff7aa60, 0x000000010ff7ae20]
Event: 7,871 Thread 0x00007fa999090000 2541   !   3       com.sun.javafx.sg.prism.NGGroup::renderContent (422 bytes)
Event: 7,873 Thread 0x00007fa999090000 nmethod 2541 0x000000010ff7af10 code [0x000000010ff7b460, 0x000000010ff7e7d0]
Event: 7,873 Thread 0x00007fa999090000 2542       3       com.sun.javafx.text.TextRun::getLineBounds (8 bytes)
Event: 7,873 Thread 0x00007fa999090000 nmethod 2542 0x000000010ff7fa10 code [0x000000010ff7fba0, 0x000000010ff7fcd0]
Event: 29,257 Thread 0x00007fa999090000 2543       3       javafx.scene.layout.Region::computeYOffset (64 bytes)
Event: 29,257 Thread 0x00007fa999090000 nmethod 2543 0x000000010ff7fd90 code [0x000000010ff7ff80, 0x000000010ff802a0]

GC Heap History (4 events):
Event: 1,551 GC heap before
{Heap before GC invocations=0 (full 0):
 garbage-first heap   total 133120K, used 13268K [0x0000000780000000, 0x0000000800000000)
  region size 1024K, 13 young (13312K), 0 survivors (0K)
 Metaspace       used 3857K, committed 4096K, reserved 1056768K
  class space    used 443K, committed 576K, reserved 1048576K
}
Event: 1,566 GC heap after
{Heap after GC invocations=1 (full 0):
 garbage-first heap   total 133120K, used 3475K [0x0000000780000000, 0x0000000800000000)
  region size 1024K, 2 young (2048K), 2 survivors (2048K)
 Metaspace       used 3857K, committed 4096K, reserved 1056768K
  class space    used 443K, committed 576K, reserved 1048576K
}
Event: 2,230 GC heap before
{Heap before GC invocations=1 (full 0):
 garbage-first heap   total 133120K, used 22931K [0x0000000780000000, 0x0000000800000000)
  region size 1024K, 22 young (22528K), 2 survivors (2048K)
 Metaspace       used 9081K, committed 9280K, reserved 1064960K
  class space    used 1348K, committed 1408K, reserved 1048576K
}
Event: 2,236 GC heap after
{Heap after GC invocations=2 (full 0):
 garbage-first heap   total 133120K, used 5617K [0x0000000780000000, 0x0000000800000000)
  region size 1024K, 3 young (3072K), 3 survivors (3072K)
 Metaspace       used 9081K, committed 9280K, reserved 1064960K
  class space    used 1348K, committed 1408K, reserved 1048576K
}

Deoptimization events (20 events):
Event: 5,154 Thread 0x00007fa998126400 DEOPT PACKING pc=0x000000010fe099de sp=0x0000700010fccde0
Event: 5,154 Thread 0x00007fa998126400 DEOPT UNPACKING pc=0x000000010f5ce82f sp=0x0000700010fcc238 mode 0
Event: 5,154 Thread 0x00007fa998126400 DEOPT PACKING pc=0x000000010fdd3dc0 sp=0x0000700010fccf00
Event: 5,154 Thread 0x00007fa998126400 DEOPT UNPACKING pc=0x000000010f5ce82f sp=0x0000700010fcc3b0 mode 0
Event: 5,920 Thread 0x00007fa998126400 DEOPT PACKING pc=0x000000010fe099de sp=0x0000700010fccd50
Event: 5,920 Thread 0x00007fa998126400 DEOPT UNPACKING pc=0x000000010f5ce82f sp=0x0000700010fcc1a8 mode 0
Event: 5,922 Thread 0x00007fa998126400 DEOPT PACKING pc=0x000000010fe09eed sp=0x0000700010fccd50
Event: 5,922 Thread 0x00007fa998126400 DEOPT UNPACKING pc=0x000000010f5ce82f sp=0x0000700010fcc1a8 mode 0
Event: 5,923 Thread 0x00007fa998126400 DEOPT PACKING pc=0x000000010fe099de sp=0x0000700010fccd50
Event: 5,923 Thread 0x00007fa998126400 DEOPT UNPACKING pc=0x000000010f5ce82f sp=0x0000700010fcc1a8 mode 0
Event: 5,955 Thread 0x00007fa998126400 DEOPT PACKING pc=0x000000010fe099de sp=0x0000700010fccd50
Event: 5,955 Thread 0x00007fa998126400 DEOPT UNPACKING pc=0x000000010f5ce82f sp=0x0000700010fcc1a8 mode 0
Event: 5,956 Thread 0x00007fa998126400 DEOPT PACKING pc=0x000000010fe09e80 sp=0x0000700010fccd50
Event: 5,956 Thread 0x00007fa998126400 DEOPT UNPACKING pc=0x000000010f5ce82f sp=0x0000700010fcc1a8 mode 0
Event: 5,957 Thread 0x00007fa998126400 DEOPT PACKING pc=0x000000010fe09eed sp=0x0000700010fccd50
Event: 5,957 Thread 0x00007fa998126400 DEOPT UNPACKING pc=0x000000010f5ce82f sp=0x0000700010fcc1a8 mode 0
Event: 6,087 Thread 0x00007fa998126400 DEOPT PACKING pc=0x000000010fe099de sp=0x0000700010fccd50
Event: 6,087 Thread 0x00007fa998126400 DEOPT UNPACKING pc=0x000000010f5ce82f sp=0x0000700010fcc1a8 mode 0
Event: 6,118 Thread 0x00007fa998126400 DEOPT PACKING pc=0x000000010fe099de sp=0x0000700010fccd50
Event: 6,119 Thread 0x00007fa998126400 DEOPT UNPACKING pc=0x000000010f5ce82f sp=0x0000700010fcc1a8 mode 0

Classes unloaded (0 events):
No events

Classes redefined (0 events):
No events

Internal exceptions (20 events):
Event: 1,672 Thread 0x00007fa99821e400 Exception <a 'java/lang/NullPointerException'{0x0000000787a2b100}> (0x0000000787a2b100) 
thrown [open/src/hotspot/share/interpreter/linkResolver.cpp, line 1357]
Event: 2,034 Thread 0x00007fa99821e400 Exception <a 'java/lang/NoSuchMethodError'{0x0000000787089ba8}: 'void java.lang.invoke.DirectMethodHandle$Holder.invokeStaticInit(java.lang.Object, java.lang.Object)'> (0x0000000787089ba8) 
thrown [open/src/hotspot/share/interpreter/linkResolver.cpp, line 766]
Event: 2,109 Thread 0x00007fa99821e400 Exception <a 'sun/nio/fs/UnixException'{0x0000000786ee6f58}> (0x0000000786ee6f58) 
thrown [open/src/hotspot/share/prims/jni.cpp, line 516]
Event: 2,164 Thread 0x00007fa99821e400 Implicit null exception at 0x000000011708eeaf to 0x000000011708f388
Event: 2,165 Thread 0x00007fa99821e400 Implicit null exception at 0x000000011708be8d to 0x000000011708c2c0
Event: 2,268 Thread 0x00007fa99821e400 Exception <a 'java/lang/NoSuchMethodError'{0x0000000787e54c20}: 'void java.lang.invoke.DirectMethodHandle$Holder.invokeSpecial(java.lang.Object, java.lang.Object, java.lang.Object, java.lang.Object, java.lang.Object)'> (0x0000000787e54c20) 
thrown [open/src/hotspot/share/interpreter/linkResolver.cpp, line 766]
Event: 2,270 Thread 0x00007fa99821e400 Exception <a 'java/lang/NoSuchMethodError'{0x0000000787e651b0}: 'java.lang.Object java.lang.invoke.DirectMethodHandle$Holder.invokeInterface(java.lang.Object, java.lang.Object, java.lang.Object)'> (0x0000000787e651b0) 
thrown [open/src/hotspot/share/interpreter/linkResolver.cpp, line 766]
Event: 2,270 Thread 0x00007fa99821e400 Exception <a 'java/lang/IncompatibleClassChangeError'{0x0000000787e68b38}: Found class java.lang.Object, but interface was expected> (0x0000000787e68b38) 
thrown [open/src/hotspot/share/interpreter/linkResolver.cpp, line 833]
Event: 2,331 Thread 0x00007fa99821e400 Exception <a 'java/lang/NoSuchMethodError'{0x0000000787c7d050}: 'java.lang.Object java.lang.invoke.DirectMethodHandle$Holder.newInvokeSpecial(java.lang.Object, java.lang.Object, int)'> (0x0000000787c7d050) 
thrown [open/src/hotspot/share/interpreter/linkResolver.cpp, line 766]
Event: 2,404 Thread 0x00007fa998126400 Exception <a 'java/lang/NoSuchMethodError'{0x0000000787bd78b0}: 'int java.lang.invoke.DirectMethodHandle$Holder.invokeStaticInit(java.lang.Object, java.lang.Object)'> (0x0000000787bd78b0) 
thrown [open/src/hotspot/share/interpreter/linkResolver.cpp, line 766]
Event: 3,388 Thread 0x00007fa99821e400 Exception <a 'java/lang/NoSuchMethodError'{0x0000000787a5e6d0}: 'java.lang.Object java.lang.invoke.DirectMethodHandle$Holder.newInvokeSpecial(java.lang.Object, java.lang.Object, int, int, int, int, int, java.lang.Object)'> (0x0000000787a5e6d0) 
thrown [open/src/hotspot/share/interpreter/linkResolver.cpp, line 766]
Event: 3,390 Thread 0x00007fa99821e400 Exception <a 'java/lang/NoSuchMethodError'{0x0000000787a716b0}: 'java.lang.Object java.lang.invoke.DirectMethodHandle$Holder.newInvokeSpecial(java.lang.Object, java.lang.Object, java.lang.Object, int, int, int, int, int)'> (0x0000000787a716b0) 
thrown [open/src/hotspot/share/interpreter/linkResolver.cpp, line 766]
Event: 3,391 Thread 0x00007fa99821e400 Exception <a 'java/lang/NoSuchMethodError'{0x0000000787a78f10}: 'java.lang.Object java.lang.invoke.Invokers$Holder.linkToTargetMethod(java.lang.Object, java.lang.Object, int, int, int, int, int, java.lang.Object)'> (0x0000000787a78f10) 
thrown [open/src/hotspot/share/interpreter/linkResolver.cpp, line 766]
Event: 3,400 Thread 0x00007fa99821e400 Exception <a 'java/lang/NoSuchMethodError'{0x00000007877ddb48}: 'long java.lang.invoke.DirectMethodHandle$Holder.invokeStatic(java.lang.Object, java.lang.Object, java.lang.Object)'> (0x00000007877ddb48) 
thrown [open/src/hotspot/share/interpreter/linkResolver.cpp, line 766]
Event: 3,400 Thread 0x00007fa99821e400 Exception <a 'java/lang/NoSuchMethodError'{0x00000007877e12f0}: 'long java.lang.invoke.DirectMethodHandle$Holder.invokeStaticInit(java.lang.Object, java.lang.Object, java.lang.Object)'> (0x00000007877e12f0) 
thrown [open/src/hotspot/share/interpreter/linkResolver.cpp, line 766]
Event: 3,403 Thread 0x00007fa99821e400 Exception <a 'java/lang/NoSuchMethodError'{0x00000007877f8ef8}: 'java.lang.Object java.lang.invoke.DirectMethodHandle$Holder.newInvokeSpecial(java.lang.Object, java.lang.Object, long)'> (0x00000007877f8ef8) 
thrown [open/src/hotspot/share/interpreter/linkResolver.cpp, line 766]
Event: 3,404 Thread 0x00007fa99821e400 Exception <a 'java/lang/NoSuchMethodError'{0x00000007877fc7c0}: 'java.lang.Object java.lang.invoke.Invokers$Holder.linkToTargetMethod(java.lang.Object, long, java.lang.Object)'> (0x00000007877fc7c0) 
thrown [open/src/hotspot/share/interpreter/linkResolver.cpp, line 766]
Event: 3,488 Thread 0x00007fa99821e400 Exception <a 'java/lang/ClassNotFoundException'{0x0000000787530490}: com/sun/javafx/scene/control/skin/resources/controls> (0x0000000787530490) 
thrown [open/src/hotspot/share/prims/jni.cpp, line 535]
Event: 3,489 Thread 0x00007fa99821e400 Exception <a 'java/lang/ClassNotFoundException'{0x000000078753e450}: com/sun/javafx/scene/control/skin/resources/controls_de> (0x000000078753e450) 
thrown [open/src/hotspot/share/prims/jni.cpp, line 535]
Event: 3,490 Thread 0x00007fa99821e400 Exception <a 'java/lang/ClassNotFoundException'{0x000000078754c148}: com/sun/javafx/scene/control/skin/resources/controls_de_AT> (0x000000078754c148) 
thrown [open/src/hotspot/share/prims/jni.cpp, line 535]

VM Operations (20 events):
Event: 1,576 Executing VM operation: G1CollectForAllocation done
Event: 1,922 Executing VM operation: HandshakeAllThreads
Event: 1,922 Executing VM operation: HandshakeAllThreads done
Event: 1,958 Executing VM operation: HandshakeAllThreads
Event: 1,958 Executing VM operation: HandshakeAllThreads done
Event: 2,230 Executing VM operation: G1CollectForAllocation
Event: 2,237 Executing VM operation: G1CollectForAllocation done
Event: 3,239 Executing VM operation: Cleanup
Event: 3,239 Executing VM operation: Cleanup done
Event: 4,184 Executing VM operation: ICBufferFull
Event: 4,184 Executing VM operation: ICBufferFull done
Event: 5,189 Executing VM operation: Cleanup
Event: 5,189 Executing VM operation: Cleanup done
Event: 6,190 Executing VM operation: Cleanup
Event: 6,192 Executing VM operation: Cleanup done
Event: 7,193 Executing VM operation: Cleanup
Event: 7,194 Executing VM operation: Cleanup done
Event: 8,199 Executing VM operation: Cleanup
Event: 8,199 Executing VM operation: Cleanup done
Event: 29,261 Executing VM operation: Cleanup

Events (20 events):
Event: 3,548 loading class sun/text/RuleBasedBreakIterator
Event: 3,548 loading class sun/text/RuleBasedBreakIterator done
Event: 3,549 loading class sun/text/CompactByteArray
Event: 3,549 loading class sun/text/CompactByteArray done
Event: 3,549 loading class sun/text/SupplementaryCharacterData
Event: 3,549 loading class sun/text/SupplementaryCharacterData done
Event: 3,549 loading class java/text/BreakIterator$BreakIteratorCache
Event: 3,549 loading class java/text/BreakIterator$BreakIteratorCache done
Event: 6,618 Protecting memory [0x000070001176d000,0x0000700011771000] with protection modes 3
Event: 6,618 Thread 0x00007fa998286000 Thread exited: 0x00007fa998286000
Event: 6,767 Protecting memory [0x000070001176d000,0x0000700011771000] with protection modes 0
Event: 6,767 Thread 0x00007fa998286000 Thread added: 0x00007fa998286000
Event: 7,617 Protecting memory [0x000070001176d000,0x0000700011771000] with protection modes 3
Event: 7,617 Thread 0x00007fa998286000 Thread exited: 0x00007fa998286000
Event: 7,784 Protecting memory [0x000070001176d000,0x0000700011771000] with protection modes 0
Event: 7,784 Thread 0x00007fa9994e7e00 Thread added: 0x00007fa9994e7e00
Event: 8,135 Protecting memory [0x000070001176d000,0x0000700011771000] with protection modes 3
Event: 8,135 Thread 0x00007fa9994e7e00 Thread exited: 0x00007fa9994e7e00
Event: 29,210 Protecting memory [0x0000700010531000,0x0000700010535000] with protection modes 0
Event: 29,210 Thread 0x00007fa9994e7e00 Thread added: 0x00007fa9994e7e00


Dynamic libraries:
0x0000000101db1000 	/Library/Java/JavaVirtualMachines/jdk-17.0.2.jdk/Contents/Home/lib/libjli.dylib
0x00007ff80c462000 	/usr/lib/libz.1.dylib
0x00007ff80c542000 	/usr/lib/libSystem.B.dylib
0x00007ff80c53d000 	/usr/lib/system/libcache.dylib
0x00007ff80c4f9000 	/usr/lib/system/libcommonCrypto.dylib
0x00007ff80c522000 	/usr/lib/system/libcompiler_rt.dylib
0x00007ff80c518000 	/usr/lib/system/libcopyfile.dylib
0x00007ff8014d9000 	/usr/lib/system/libcorecrypto.dylib
0x00007ff801597000 	/usr/lib/system/libdispatch.dylib
0x00007ff801757000 	/usr/lib/system/libdyld.dylib
0x00007ff80c534000 	/usr/lib/system/libkeymgr.dylib
0x00007ff80c4d7000 	/usr/lib/system/libmacho.dylib
0x00007ff80bb58000 	/usr/lib/system/libquarantine.dylib
0x00007ff80c532000 	/usr/lib/system/libremovefile.dylib
0x00007ff8066ee000 	/usr/lib/system/libsystem_asl.dylib
0x00007ff801482000 	/usr/lib/system/libsystem_blocks.dylib
0x00007ff80161b000 	/usr/lib/system/libsystem_c.dylib
0x00007ff80c52a000 	/usr/lib/system/libsystem_collections.dylib
0x00007ff80ae0c000 	/usr/lib/system/libsystem_configuration.dylib
0x00007ff80a0b9000 	/usr/lib/system/libsystem_containermanager.dylib
0x00007ff80c20f000 	/usr/lib/system/libsystem_coreservices.dylib
0x00007ff803d92000 	/usr/lib/system/libsystem_darwin.dylib
0x00007ff80c535000 	/usr/lib/system/libsystem_dnssd.dylib
0x00007ff801618000 	/usr/lib/system/libsystem_featureflags.dylib
0x00007ff80176d000 	/usr/lib/system/libsystem_info.dylib
0x00007ff80c475000 	/usr/lib/system/libsystem_m.dylib
0x00007ff80156b000 	/usr/lib/system/libsystem_malloc.dylib
0x00007ff806689000 	/usr/lib/system/libsystem_networkextension.dylib
0x00007ff8041b8000 	/usr/lib/system/libsystem_notify.dylib
0x00007ff8127ae000 	/usr/lib/system/libsystem_product_info_filter.dylib
0x00007ff80ae10000 	/usr/lib/system/libsystem_sandbox.dylib
0x00007ff80c52f000 	/usr/lib/system/libsystem_secinit.dylib
0x00007ff801713000 	/usr/lib/system/libsystem_kernel.dylib
0x00007ff801763000 	/usr/lib/system/libsystem_platform.dylib
0x00007ff80174b000 	/usr/lib/system/libsystem_pthread.dylib
0x00007ff807f3a000 	/usr/lib/system/libsystem_symptoms.dylib
0x00007ff8014c0000 	/usr/lib/system/libsystem_trace.dylib
0x00007ff80c505000 	/usr/lib/system/libunwind.dylib
0x00007ff801484000 	/usr/lib/system/libxpc.dylib
0x00007ff8016fd000 	/usr/lib/libc++abi.dylib
0x00007ff8015de000 	/usr/lib/libobjc.A.dylib
0x00007ff80c510000 	/usr/lib/liboah.dylib
0x00007ff8016a4000 	/usr/lib/libc++.1.dylib
0x00007ff8185ad000 	/System/Library/Frameworks/Cocoa.framework/Versions/A/Cocoa
0x00007ff804216000 	/System/Library/Frameworks/AppKit.framework/Versions/C/AppKit
0x00007ff807729000 	/System/Library/Frameworks/CoreData.framework/Versions/A/CoreData
0x00007ff80261a000 	/System/Library/Frameworks/Foundation.framework/Versions/C/Foundation
0x00007ff8050a5000 	/System/Library/PrivateFrameworks/UIFoundation.framework/Versions/A/UIFoundation
0x00007ff8124b1000 	/System/Library/PrivateFrameworks/RemoteViewServices.framework/Versions/A/RemoteViewServices
0x00007ff80a797000 	/System/Library/PrivateFrameworks/XCTTargetBootstrap.framework/Versions/A/XCTTargetBootstrap
0x00007ff80e349000 	/System/Library/PrivateFrameworks/InternationalSupport.framework/Versions/A/InternationalSupport
0x00007ff80e3d3000 	/System/Library/PrivateFrameworks/UserActivity.framework/Versions/A/UserActivity
0x00007ff80d729000 	/usr/lib/libspindump.dylib
0x00007ff805333000 	/System/Library/Frameworks/UniformTypeIdentifiers.framework/Versions/A/UniformTypeIdentifiers
0x00007ff808ebf000 	/usr/lib/libapp_launch_measurement.dylib
0x00007ff8080fa000 	/System/Library/PrivateFrameworks/CoreAnalytics.framework/Versions/A/CoreAnalytics
0x00007ff808ec2000 	/System/Library/PrivateFrameworks/CoreAutoLayout.framework/Versions/A/CoreAutoLayout
0x00007ff80a0f1000 	/System/Library/Frameworks/Metal.framework/Versions/A/Metal
0x00007ff80ae1c000 	/usr/lib/liblangid.dylib
0x00007ff80a79c000 	/System/Library/PrivateFrameworks/CoreSVG.framework/Versions/A/CoreSVG
0x00007ff80671e000 	/System/Library/PrivateFrameworks/SkyLight.framework/Versions/A/SkyLight
0x00007ff806abc000 	/System/Library/Frameworks/CoreGraphics.framework/Versions/A/CoreGraphics
0x00007ff812b71000 	/System/Library/Frameworks/Accelerate.framework/Versions/A/Accelerate
0x00007ff80d1a8000 	/System/Library/PrivateFrameworks/IconServices.framework/Versions/A/IconServices
0x00007ff80a0d6000 	/System/Library/Frameworks/IOSurface.framework/Versions/A/IOSurface
0x00007ff808128000 	/usr/lib/libDiagnosticMessagesClient.dylib
0x00007ff816251000 	/System/Library/Frameworks/ApplicationServices.framework/Versions/A/ApplicationServices
0x00007ff80a783000 	/System/Library/PrivateFrameworks/DFRFoundation.framework/Versions/A/DFRFoundation
0x00007ff803afe000 	/usr/lib/libicucore.A.dylib
0x00007ff80f13e000 	/System/Library/Frameworks/AudioToolbox.framework/Versions/A/AudioToolbox
0x00007ff80e355000 	/System/Library/PrivateFrameworks/DataDetectorsCore.framework/Versions/A/DataDetectorsCore
0x00007ff90a83c000 	/System/Library/PrivateFrameworks/TextInput.framework/Versions/A/TextInput
0x00007ff8066a1000 	/usr/lib/libMobileGestalt.dylib
0x00007ff80a48f000 	/System/Library/Frameworks/Carbon.framework/Versions/A/Frameworks/HIToolbox.framework/Versions/A/HIToolbox
0x00007ff8088c5000 	/System/Library/Frameworks/QuartzCore.framework/Versions/A/QuartzCore
0x00007ff8037a3000 	/System/Library/Frameworks/Security.framework/Versions/A/Security
0x00007ff8124e9000 	/System/Library/Frameworks/Carbon.framework/Versions/A/Frameworks/SpeechRecognition.framework/Versions/A/SpeechRecognition
0x00007ff808c1f000 	/System/Library/PrivateFrameworks/CoreUI.framework/Versions/A/CoreUI
0x00007ff80306e000 	/System/Library/Frameworks/CoreAudio.framework/Versions/A/CoreAudio
0x00007ff808217000 	/System/Library/Frameworks/DiskArbitration.framework/Versions/A/DiskArbitration
0x00007ff80db17000 	/System/Library/PrivateFrameworks/MultitouchSupport.framework/Versions/A/MultitouchSupport
0x00007ff8066a0000 	/usr/lib/libenergytrace.dylib
0x00007ff804102000 	/System/Library/Frameworks/IOKit.framework/Versions/A/IOKit
0x00007ff8128d9000 	/System/Library/Frameworks/CoreServices.framework/Versions/A/CoreServices
0x00007ff808e59000 	/System/Library/PrivateFrameworks/PerformanceAnalysis.framework/Versions/A/PerformanceAnalysis
0x00007ffa1a521000 	/System/Library/Frameworks/OpenGL.framework/Versions/A/OpenGL
0x00007ff80ba7e000 	/System/Library/PrivateFrameworks/MobileKeyBag.framework/Versions/A/MobileKeyBag
0x00007ff807188000 	/System/Library/Frameworks/ColorSync.framework/Versions/A/ColorSync
0x00007ff801798000 	/System/Library/Frameworks/CoreFoundation.framework/Versions/A/CoreFoundation
0x00007ff80aa12000 	/System/Library/Frameworks/CoreImage.framework/Versions/A/CoreImage
0x00007ff802e82000 	/System/Library/Frameworks/CoreText.framework/Versions/A/CoreText
0x00007ff80a7cc000 	/System/Library/Frameworks/ImageIO.framework/Versions/A/ImageIO
0x00007ff80c548000 	/System/Library/PrivateFrameworks/SoftLinking.framework/Versions/A/SoftLinking
0x00007ff808f0a000 	/usr/lib/libxml2.2.dylib
0x00007ff80c7cc000 	/usr/lib/libcompression.dylib
0x00007ff80e27c000 	/System/Library/PrivateFrameworks/TextureIO.framework/Versions/A/TextureIO
0x00007ff80ceba000 	/usr/lib/libate.dylib
0x00007ff80cc96000 	/usr/lib/liblzma.5.dylib
0x00007ff802329000 	/System/Library/Frameworks/SystemConfiguration.framework/Versions/A/SystemConfiguration
0x00007ff80c544000 	/usr/lib/libfakelink.dylib
0x00007ff8061fa000 	/System/Library/Frameworks/CFNetwork.framework/Versions/A/CFNetwork
0x00007ff80c685000 	/usr/lib/libarchive.2.dylib
0x00007ff80ae18000 	/System/Library/PrivateFrameworks/AppleSystemInfo.framework/Versions/A/AppleSystemInfo
0x00007ff80bb7f000 	/usr/lib/libbsm.0.dylib
0x00007ff805809000 	/usr/lib/libnetwork.dylib
0x00007ff80c4dd000 	/usr/lib/system/libkxld.dylib
0x00007ff80b7b2000 	/System/Library/PrivateFrameworks/IOMobileFramebuffer.framework/Versions/A/IOMobileFramebuffer
0x00007ffb198f5000 	/usr/lib/libCoreEntitlements.dylib
0x00007ff80c1f1000 	/System/Library/PrivateFrameworks/AppleFSCompression.framework/Versions/A/AppleFSCompression
0x00007ff80bb67000 	/usr/lib/libcoretls.dylib
0x00007ff80ccb0000 	/usr/lib/libcoretls_cfhelpers.dylib
0x00007ff80c7c7000 	/usr/lib/libpam.2.dylib
0x00007ff807b5a000 	/usr/lib/libsqlite3.dylib
0x00007ff80cd1f000 	/usr/lib/libxar.1.dylib
0x00007ff80c201000 	/usr/lib/libbz2.1.0.dylib
0x00007ff80c549000 	/usr/lib/libpcap.A.dylib
0x00007ff807f32000 	/usr/lib/libdns_services.dylib
0x00007ff80c797000 	/usr/lib/libapple_nghttp2.dylib
0x00007ff80c583000 	/usr/lib/libiconv.2.dylib
0x00007ff80c4d6000 	/usr/lib/libcharset.1.dylib
0x00007ff808e8d000 	/System/Library/Frameworks/CoreServices.framework/Versions/A/Frameworks/FSEvents.framework/Versions/A/FSEvents
0x00007ff803d9c000 	/System/Library/Frameworks/CoreServices.framework/Versions/A/Frameworks/CarbonCore.framework/Versions/A/CarbonCore
0x00007ff80817b000 	/System/Library/Frameworks/CoreServices.framework/Versions/A/Frameworks/Metadata.framework/Versions/A/Metadata
0x00007ff80c214000 	/System/Library/Frameworks/CoreServices.framework/Versions/A/Frameworks/OSServices.framework/Versions/A/OSServices
0x00007ff80c70c000 	/System/Library/Frameworks/CoreServices.framework/Versions/A/Frameworks/SearchKit.framework/Versions/A/SearchKit
0x00007ff807ec5000 	/System/Library/Frameworks/CoreServices.framework/Versions/A/Frameworks/AE.framework/Versions/A/AE
0x00007ff801c9b000 	/System/Library/Frameworks/CoreServices.framework/Versions/A/Frameworks/LaunchServices.framework/Versions/A/LaunchServices
0x00007ff80cc47000 	/System/Library/Frameworks/CoreServices.framework/Versions/A/Frameworks/DictionaryServices.framework/Versions/A/DictionaryServices
0x00007ff808e9a000 	/System/Library/Frameworks/CoreServices.framework/Versions/A/Frameworks/SharedFileList.framework/Versions/A/SharedFileList
0x00007ff80bb5b000 	/usr/lib/libCheckFix.dylib
0x00007ff806705000 	/System/Library/PrivateFrameworks/TCC.framework/Versions/A/TCC
0x00007ff80ae1e000 	/System/Library/PrivateFrameworks/CoreNLP.framework/Versions/A/CoreNLP
0x00007ff80812b000 	/System/Library/PrivateFrameworks/MetadataUtilities.framework/Versions/A/MetadataUtilities
0x00007ff8023dd000 	/usr/lib/libmecabra.dylib
0x00007ff80bb8f000 	/usr/lib/libmecab.dylib
0x00007ff8023a8000 	/usr/lib/libCRFSuite.dylib
0x00007ff80bbe9000 	/usr/lib/libgermantok.dylib
0x00007ff80c772000 	/usr/lib/libThaiTokenizer.dylib
0x00007ff80821e000 	/System/Library/Frameworks/Accelerate.framework/Versions/A/Frameworks/vImage.framework/Versions/A/vImage
0x00007ff8128b0000 	/System/Library/Frameworks/Accelerate.framework/Versions/A/Frameworks/vecLib.framework/Versions/A/vecLib
0x00007ff80cd60000 	/System/Library/Frameworks/Accelerate.framework/Versions/A/Frameworks/vecLib.framework/Versions/A/libvMisc.dylib
0x00007ff80b5dd000 	/System/Library/Frameworks/Accelerate.framework/Versions/A/Frameworks/vecLib.framework/Versions/A/libvDSP.dylib
0x00007ff802019000 	/System/Library/Frameworks/Accelerate.framework/Versions/A/Frameworks/vecLib.framework/Versions/A/libBLAS.dylib
0x00007ff80c8a9000 	/System/Library/Frameworks/Accelerate.framework/Versions/A/Frameworks/vecLib.framework/Versions/A/libLAPACK.dylib
0x00007ff80bbec000 	/System/Library/Frameworks/Accelerate.framework/Versions/A/Frameworks/vecLib.framework/Versions/A/libLinearAlgebra.dylib
0x00007ff80c7af000 	/System/Library/Frameworks/Accelerate.framework/Versions/A/Frameworks/vecLib.framework/Versions/A/libSparseBLAS.dylib
0x00007ff80c8a3000 	/System/Library/Frameworks/Accelerate.framework/Versions/A/Frameworks/vecLib.framework/Versions/A/libQuadrature.dylib
0x00007ff80af09000 	/System/Library/Frameworks/Accelerate.framework/Versions/A/Frameworks/vecLib.framework/Versions/A/libBNNS.dylib
0x00007ff8022b3000 	/System/Library/Frameworks/Accelerate.framework/Versions/A/Frameworks/vecLib.framework/Versions/A/libSparse.dylib
0x00007ff80af02000 	/System/Library/PrivateFrameworks/LinguisticData.framework/Versions/A/LinguisticData
0x00007ff802269000 	/System/Library/PrivateFrameworks/Lexicon.framework/Versions/A/Lexicon
0x00007ff80cd59000 	/usr/lib/libChineseTokenizer.dylib
0x00007ff8029d7000 	/System/Library/PrivateFrameworks/LanguageModeling.framework/Versions/A/LanguageModeling
0x00007ff80c774000 	/System/Library/PrivateFrameworks/AppleSauce.framework/Versions/A/AppleSauce
0x00007ff80b7a0000 	/System/Library/PrivateFrameworks/CoreEmoji.framework/Versions/A/CoreEmoji
0x00007ff80c674000 	/usr/lib/libcmph.dylib
0x00007ff808e71000 	/System/Library/Frameworks/OpenDirectory.framework/Versions/A/Frameworks/CFOpenDirectory.framework/Versions/A/CFOpenDirectory
0x00007ff808e65000 	/System/Library/Frameworks/OpenDirectory.framework/Versions/A/OpenDirectory
0x00007ff80ccb2000 	/System/Library/PrivateFrameworks/APFS.framework/Versions/A/APFS
0x00007ff80bab6000 	/System/Library/Frameworks/SecurityFoundation.framework/Versions/A/SecurityFoundation
0x00007ff80cd2d000 	/usr/lib/libutil.dylib
0x00007ff8040c6000 	/System/Library/PrivateFrameworks/CoreServicesStore.framework/Versions/A/CoreServicesStore
0x00007ff80cd31000 	/usr/lib/libxslt.1.dylib
0x00007ff80bb43000 	/System/Library/PrivateFrameworks/BackgroundTaskManagement.framework/Versions/A/BackgroundTaskManagement
0x00007ff80e19c000 	/System/Library/Frameworks/ImageIO.framework/Versions/A/Resources/libRadiance.dylib
0x00007ff80e1a5000 	/System/Library/Frameworks/ImageIO.framework/Versions/A/Resources/libJPEG.dylib
0x00007ff80e0f6000 	/System/Library/Frameworks/ImageIO.framework/Versions/A/Resources/libPng.dylib
0x00007ff80e117000 	/System/Library/Frameworks/ImageIO.framework/Versions/A/Resources/libTIFF.dylib
0x00007ff80e205000 	/System/Library/Frameworks/ImageIO.framework/Versions/A/Resources/libGIF.dylib
0x00007ff80da31000 	/System/Library/Frameworks/ImageIO.framework/Versions/A/Resources/libJP2.dylib
0x00007ff80d16f000 	/usr/lib/libexpat.1.dylib
0x00007ff80d9e6000 	/System/Library/PrivateFrameworks/AppleJPEG.framework/Versions/A/AppleJPEG
0x00007ff80a353000 	/System/Library/PrivateFrameworks/FontServices.framework/libFontParser.dylib
0x00007ff807e6f000 	/System/Library/PrivateFrameworks/RunningBoardServices.framework/Versions/A/RunningBoardServices
0x00007ff818b68000 	/System/Library/PrivateFrameworks/IOSurfaceAccelerator.framework/Versions/A/IOSurfaceAccelerator
0x00007ff80db13000 	/System/Library/PrivateFrameworks/WatchdogClient.framework/Versions/A/WatchdogClient
0x00007ff802ac5000 	/System/Library/Frameworks/CoreDisplay.framework/Versions/A/CoreDisplay
0x00007ff80a251000 	/System/Library/Frameworks/CoreMedia.framework/Versions/A/CoreMedia
0x00007ff80a0e8000 	/System/Library/PrivateFrameworks/IOAccelerator.framework/Versions/A/IOAccelerator
0x00007ff808fee000 	/System/Library/Frameworks/CoreVideo.framework/Versions/A/CoreVideo
0x00007ff80c7c5000 	/System/Library/Frameworks/MetalPerformanceShaders.framework/Versions/A/MetalPerformanceShaders
0x00007ff80db50000 	/System/Library/Frameworks/VideoToolbox.framework/Versions/A/VideoToolbox
0x00007ff807db9000 	/System/Library/PrivateFrameworks/BaseBoard.framework/Versions/A/BaseBoard
0x00007ff807b40000 	/System/Library/PrivateFrameworks/ProtocolBuffer.framework/Versions/A/ProtocolBuffer
0x00007ff80e195000 	/System/Library/PrivateFrameworks/GPUWrangler.framework/Versions/A/GPUWrangler
0x00007ff80e179000 	/System/Library/PrivateFrameworks/IOPresentment.framework/Versions/A/IOPresentment
0x00007ff80e19f000 	/System/Library/PrivateFrameworks/DSExternalDisplay.framework/Versions/A/DSExternalDisplay
0x00007ffa1a515000 	/System/Library/Frameworks/OpenGL.framework/Versions/A/Libraries/libCoreFSCache.dylib
0x00007ffb07019000 	/System/Library/PrivateFrameworks/GPUCompiler.framework/Versions/31001/Libraries/libGPUCompilerUtils.dylib
0x00007ff80e20a000 	/System/Library/PrivateFrameworks/CMCaptureCore.framework/Versions/A/CMCaptureCore
0x00007ff80d717000 	/System/Library/PrivateFrameworks/AppServerSupport.framework/Versions/A/AppServerSupport
0x00007ff80f9d6000 	/System/Library/PrivateFrameworks/perfdata.framework/Versions/A/perfdata
0x00007ff802bf1000 	/System/Library/PrivateFrameworks/AudioToolboxCore.framework/Versions/A/AudioToolboxCore
0x00007ff80a22f000 	/System/Library/PrivateFrameworks/caulk.framework/Versions/A/caulk
0x00007ff80f2e8000 	/usr/lib/libAudioStatistics.dylib
0x00007ff906fdf000 	/System/Library/PrivateFrameworks/SystemPolicy.framework/Versions/A/SystemPolicy
0x00007ff80f543000 	/usr/lib/libSMC.dylib
0x00007ff818460000 	/System/Library/Frameworks/CoreMIDI.framework/Versions/A/CoreMIDI
0x00007ff80e0c5000 	/usr/lib/libAudioToolboxUtility.dylib
0x00007ff903214000 	/System/Library/PrivateFrameworks/OSAServicesClient.framework/Versions/A/OSAServicesClient
0x00007ff80f9e3000 	/usr/lib/libperfcheck.dylib
0x00007ff907a89000 	/usr/lib/libmis.dylib
0x00007ffa1a570000 	/System/Library/Frameworks/OpenGL.framework/Versions/A/Libraries/libGLU.dylib
0x00007ffa1a534000 	/System/Library/Frameworks/OpenGL.framework/Versions/A/Libraries/libGFXShared.dylib
0x00007ffa1a73d000 	/System/Library/Frameworks/OpenGL.framework/Versions/A/Libraries/libGL.dylib
0x00007ffa1a53d000 	/System/Library/Frameworks/OpenGL.framework/Versions/A/Libraries/libGLImage.dylib
0x00007ffa1a531000 	/System/Library/Frameworks/OpenGL.framework/Versions/A/Libraries/libCVMSPluginSupport.dylib
0x00007ffa1a51c000 	/System/Library/Frameworks/OpenGL.framework/Versions/A/Libraries/libCoreVMClient.dylib
0x00007ff80ad9a000 	/System/Library/Frameworks/MetalPerformanceShaders.framework/Versions/A/Frameworks/MPSCore.framework/Versions/A/MPSCore
0x00007ff80c15c000 	/System/Library/Frameworks/MetalPerformanceShaders.framework/Versions/A/Frameworks/MPSImage.framework/Versions/A/MPSImage
0x00007ff80bc02000 	/System/Library/Frameworks/MetalPerformanceShaders.framework/Versions/A/Frameworks/MPSNeuralNetwork.framework/Versions/A/MPSNeuralNetwork
0x00007ff80c076000 	/System/Library/Frameworks/MetalPerformanceShaders.framework/Versions/A/Frameworks/MPSMatrix.framework/Versions/A/MPSMatrix
0x00007ff80be31000 	/System/Library/Frameworks/MetalPerformanceShaders.framework/Versions/A/Frameworks/MPSRayIntersector.framework/Versions/A/MPSRayIntersector
0x00007ff80c0ae000 	/System/Library/Frameworks/MetalPerformanceShaders.framework/Versions/A/Frameworks/MPSNDArray.framework/Versions/A/MPSNDArray
0x00007ffa1f737000 	/System/Library/Frameworks/MetalPerformanceShaders.framework/Versions/A/Frameworks/MPSFunctions.framework/Versions/A/MPSFunctions
0x00007ff801ef2000 	/System/Library/PrivateFrameworks/MetalTools.framework/Versions/A/MetalTools
0x00007ff80ae16000 	/System/Library/PrivateFrameworks/AggregateDictionary.framework/Versions/A/AggregateDictionary
0x00007ff80cf51000 	/usr/lib/libIOReport.dylib
0x00007ffa1bb4c000 	/System/Library/Frameworks/OpenCL.framework/Versions/A/OpenCL
0x00007ff80d2b5000 	/System/Library/PrivateFrameworks/FaceCore.framework/Versions/A/FaceCore
0x00007ff80d2a6000 	/System/Library/PrivateFrameworks/GraphVisualizer.framework/Versions/A/GraphVisualizer
0x00007ffb06f24000 	/System/Library/PrivateFrameworks/FontServices.framework/Versions/A/FontServices
0x00007ff80d6cf000 	/System/Library/PrivateFrameworks/OTSVG.framework/Versions/A/OTSVG
0x00007ff808bd5000 	/System/Library/Frameworks/ApplicationServices.framework/Versions/A/Frameworks/ATS.framework/Versions/A/Resources/libFontRegistry.dylib
0x00007ff80d71f000 	/System/Library/PrivateFrameworks/FontServices.framework/libhvf.dylib
0x00007ffb06f25000 	/System/Library/PrivateFrameworks/FontServices.framework/libXTFontStaticRegistryData.dylib
0x00007ff80d11f000 	/System/Library/PrivateFrameworks/AppleVA.framework/Versions/A/AppleVA
0x00007ff80f308000 	/System/Library/Frameworks/ApplicationServices.framework/Versions/A/Frameworks/ATS.framework/Versions/A/ATS
0x00007ff807286000 	/System/Library/Frameworks/ApplicationServices.framework/Versions/A/Frameworks/HIServices.framework/Versions/A/HIServices
0x00007ff80e214000 	/System/Library/Frameworks/ApplicationServices.framework/Versions/A/Frameworks/PrintCore.framework/Versions/A/PrintCore
0x00007ff80f696000 	/System/Library/Frameworks/ApplicationServices.framework/Versions/A/Frameworks/QD.framework/Versions/A/QD
0x00007ff80f68e000 	/System/Library/Frameworks/ApplicationServices.framework/Versions/A/Frameworks/ColorSyncLegacy.framework/Versions/A/ColorSyncLegacy
0x00007ff80f2f8000 	/System/Library/Frameworks/ApplicationServices.framework/Versions/A/Frameworks/SpeechSynthesis.framework/Versions/A/SpeechSynthesis
0x00007ff80e1d5000 	/System/Library/Frameworks/ApplicationServices.framework/Versions/A/Frameworks/ATSUI.framework/Versions/A/ATSUI
0x00007ff80f623000 	/usr/lib/libcups.2.dylib
0x00007ff80f9f2000 	/System/Library/Frameworks/Kerberos.framework/Versions/A/Kerberos
0x00007ff80fa01000 	/System/Library/Frameworks/GSS.framework/Versions/A/GSS
0x00007ff80f374000 	/usr/lib/libresolv.9.dylib
0x00007ff80d72e000 	/System/Library/PrivateFrameworks/Heimdal.framework/Versions/A/Heimdal
0x00007ff8165e3000 	/System/Library/Frameworks/Kerberos.framework/Versions/A/Libraries/libHeimdalProxy.dylib
0x00007ff807f42000 	/System/Library/Frameworks/Network.framework/Versions/A/Network
0x00007ff80d189000 	/usr/lib/libheimdal-asn1.dylib
0x00007ff80fa4c000 	/System/Library/PrivateFrameworks/CommonAuth.framework/Versions/A/CommonAuth
0x00007ff80f27a000 	/System/Library/PrivateFrameworks/AudioSession.framework/Versions/A/AudioSession
0x00007ff80d219000 	/System/Library/PrivateFrameworks/MediaExperience.framework/Versions/A/MediaExperience
0x00007ff80f10d000 	/System/Library/PrivateFrameworks/AudioSession.framework/libSessionUtility.dylib
0x00007ff80f6a2000 	/System/Library/PrivateFrameworks/AudioResourceArbitration.framework/Versions/A/AudioResourceArbitration
0x00007ff813723000 	/System/Library/PrivateFrameworks/PowerLog.framework/Versions/A/PowerLog
0x00007ff80d192000 	/System/Library/PrivateFrameworks/IconFoundation.framework/Versions/A/IconFoundation
0x00007ff8124d9000 	/System/Library/PrivateFrameworks/SpeechRecognitionCore.framework/Versions/A/SpeechRecognitionCore
0x0000000102dda000 	/Library/Java/JavaVirtualMachines/jdk-17.0.2.jdk/Contents/Home/lib/server/libjvm.dylib
0x0000000101de0000 	/Library/Java/JavaVirtualMachines/jdk-17.0.2.jdk/Contents/Home/lib/libjimage.dylib
0x0000000101e5e000 	/Library/Java/JavaVirtualMachines/jdk-17.0.2.jdk/Contents/Home/lib/libjava.dylib
0x0000000102cc4000 	/Library/Java/JavaVirtualMachines/jdk-17.0.2.jdk/Contents/Home/lib/libnio.dylib
0x0000000102cfe000 	/Library/Java/JavaVirtualMachines/jdk-17.0.2.jdk/Contents/Home/lib/libnet.dylib
0x0000000102ce0000 	/Library/Java/JavaVirtualMachines/jdk-17.0.2.jdk/Contents/Home/lib/libzip.dylib
0x0000000102d1e000 	/Users/felix/.openjfx/cache/17.0.1/libprism_es2.dylib
0x00007ff804088000 	/System/Library/PrivateFrameworks/CoreServicesInternal.framework/Versions/A/CoreServicesInternal
0x00007ffa1a748000 	/System/Library/Frameworks/OpenGL.framework/Versions/A/Resources/GLEngine.bundle/GLEngine
0x00007ffa1a5ae000 	/System/Library/Frameworks/OpenGL.framework/Versions/A/Libraries/libGLProgrammability.dylib
0x00007ffa12f22000 	/System/Library/Extensions/AppleIntelBDWGraphicsGLDriver.bundle/Contents/MacOS/AppleIntelBDWGraphicsGLDriver
0x00007ff911c0e000 	/System/Library/PrivateFrameworks/GPUSupport.framework/Versions/A/Libraries/libGPUSupportMercury.dylib
0x00007ffa1a8d2000 	/System/Library/Frameworks/OpenGL.framework/Versions/A/Resources/GLRendererFloat.bundle/GLRendererFloat
0x0000000107302000 	/Users/felix/.openjfx/cache/17.0.1/libglass.dylib
0x00007ff813d14000 	/System/Library/Frameworks/FileProvider.framework/Versions/A/FileProvider
0x00007ff807d26000 	/System/Library/Frameworks/Accounts.framework/Versions/A/Accounts
0x00007ff813e8d000 	/System/Library/PrivateFrameworks/GenerationalStorage.framework/Versions/A/GenerationalStorage
0x00007ff81499d000 	/System/Library/PrivateFrameworks/CoreSymbolication.framework/Versions/A/CoreSymbolication
0x00007ff813718000 	/System/Library/PrivateFrameworks/SymptomDiagnosticReporter.framework/Versions/A/SymptomDiagnosticReporter
0x00007ff805347000 	/System/Library/PrivateFrameworks/DesktopServicesPriv.framework/Versions/A/DesktopServicesPriv
0x00007ff8041c7000 	/usr/lib/libsandbox.1.dylib
0x00007ff80906d000 	/System/Library/PrivateFrameworks/UserManagement.framework/Versions/A/UserManagement
0x00007ff814962000 	/System/Library/PrivateFrameworks/DebugSymbols.framework/Versions/A/DebugSymbols
0x00007ff80f683000 	/System/Library/PrivateFrameworks/NetAuth.framework/Versions/A/NetAuth
0x00007ff810592000 	/System/Library/PrivateFrameworks/Sharing.framework/Versions/A/Sharing
0x00007ff809040000 	/System/Library/PrivateFrameworks/login.framework/Versions/A/Frameworks/loginsupport.framework/Versions/A/loginsupport
0x00007ff815b00000 	/System/Library/PrivateFrameworks/Apple80211.framework/Versions/A/Apple80211
0x00007ff80c241000 	/System/Library/PrivateFrameworks/AuthKit.framework/Versions/A/AuthKit
0x00007ff80b896000 	/System/Library/PrivateFrameworks/CoreUtils.framework/Versions/A/CoreUtils
0x00007ff80b7bd000 	/System/Library/Frameworks/CoreWLAN.framework/Versions/A/CoreWLAN
0x00007ff8106f1000 	/System/Library/Frameworks/IOBluetooth.framework/Versions/A/IOBluetooth
0x00007ff815b68000 	/System/Library/PrivateFrameworks/CoreWiFi.framework/Versions/A/CoreWiFi
0x00007ff814537000 	/System/Library/PrivateFrameworks/FrontBoardServices.framework/Versions/A/FrontBoardServices
0x00007ff8145c8000 	/System/Library/PrivateFrameworks/BoardServices.framework/Versions/A/BoardServices
0x00007ff80baa5000 	/System/Library/PrivateFrameworks/AssertionServices.framework/Versions/A/AssertionServices
0x00007ff815ceb000 	/System/Library/PrivateFrameworks/BackBoardServices.framework/Versions/A/BackBoardServices
0x00007ff80fadd000 	/System/Library/PrivateFrameworks/CorePhoneNumbers.framework/Versions/A/CorePhoneNumbers
0x00007ff80f3a1000 	/System/Library/PrivateFrameworks/MultiverseSupport.framework/Versions/A/MultiverseSupport
0x00007ff815f5e000 	/System/Library/PrivateFrameworks/RemoteServiceDiscovery.framework/Versions/A/RemoteServiceDiscovery
0x00007ff813835000 	/System/Library/PrivateFrameworks/DiskManagement.framework/Versions/A/DiskManagement
0x00007ff813749000 	/System/Library/PrivateFrameworks/AppleIDAuthSupport.framework/Versions/A/AppleIDAuthSupport
0x00007ffb018bb000 	/System/Library/PrivateFrameworks/AAAFoundation.framework/Versions/A/AAAFoundation
0x00007ff80fabe000 	/System/Library/PrivateFrameworks/KeychainCircle.framework/Versions/A/KeychainCircle
0x00007ff815f6e000 	/System/Library/PrivateFrameworks/RemoteXPC.framework/Versions/A/RemoteXPC
0x00007ff813801000 	/System/Library/PrivateFrameworks/MediaKit.framework/Versions/A/MediaKit
0x00007ff813755000 	/System/Library/Frameworks/DiscRecording.framework/Versions/A/DiscRecording
0x00007ff80d097000 	/usr/lib/libCoreStorage.dylib
0x00007ff815fd9000 	/usr/lib/libcsfde.dylib
0x00007ff8107be000 	/System/Library/PrivateFrameworks/ProtectedCloudStorage.framework/Versions/A/ProtectedCloudStorage
0x00007ff815fd5000 	/System/Library/PrivateFrameworks/EFILogin.framework/Versions/A/EFILogin
0x00007ff813eb3000 	/System/Library/PrivateFrameworks/OctagonTrust.framework/Versions/A/OctagonTrust
0x00007ffb06187000 	/System/Library/PrivateFrameworks/CoreUtilsExtras.framework/Versions/A/CoreUtilsExtras
0x00007ff81367c000 	/System/Library/Frameworks/CoreBluetooth.framework/Versions/A/CoreBluetooth
0x00007ff816668000 	/System/Library/Frameworks/AudioUnit.framework/Versions/A/AudioUnit
0x00007ff80d08f000 	/usr/lib/libMatch.1.dylib
0x00007ff90c09b000 	/System/Library/Frameworks/Accelerate.framework/Versions/A/Frameworks/vImage.framework/Versions/A/Libraries/libCGInterfaces.dylib
0x0000000124cb7000 	/usr/lib/libobjc-trampolines.dylib
0x00007ff915729000 	/System/Library/PrivateFrameworks/AccessibilitySupport.framework/Versions/A/Frameworks/AccessibilityFoundation.framework/Versions/A/AccessibilityFoundation
0x00007ff80d7e5000 	/System/Library/PrivateFrameworks/login.framework/Versions/A/login
0x00007ff808d65000 	/System/Library/PrivateFrameworks/ViewBridge.framework/Versions/A/ViewBridge
0x00007ffb199e4000 	/usr/lib/libRosetta.dylib
0x00000001271cc000 	/Users/felix/.openjfx/cache/17.0.1/libjavafx_font.dylib


VM Arguments:
jvm_args: -XX:+ShowCodeDetailsInExceptionMessages --module-path=/Users/felix/Hauptordner/Universität/A1S2/1PP/Project/course-project-by-lucas-felix/target/classes:/Users/felix/.m2/repository/org/openjfx/javafx-controls/17.0.1/javafx-controls-17.0.1-mac.jar:/Users/felix/.m2/repository/org/openjfx/javafx-graphics/17.0.1/javafx-graphics-17.0.1-mac.jar:/Users/felix/.m2/repository/org/openjfx/javafx-base/17.0.1/javafx-base-17.0.1-mac.jar:/Users/felix/.m2/repository/org/openjfx/javafx-fxml/17.0.1/javafx-fxml-17.0.1-mac.jar -Djdk.module.main=projectgrouplf 
java_command: projectgrouplf/projectgrouplf.Launcher
java_class_path (initial): /Users/felix/.m2/repository/org/apache/commons/commons-lang3/3.10/commons-lang3-3.10.jar:/Users/felix/.m2/repository/org/openjfx/javafx-controls/17.0.1/javafx-controls-17.0.1.jar:/Users/felix/.m2/repository/org/openjfx/javafx-graphics/17.0.1/javafx-graphics-17.0.1.jar:/Users/felix/.m2/repository/org/openjfx/javafx-base/17.0.1/javafx-base-17.0.1.jar:/Users/felix/.m2/repository/org/openjfx/javafx-fxml/17.0.1/javafx-fxml-17.0.1.jar
Launcher Type: SUN_STANDARD

[Global flags]
     intx CICompilerCount                          = 3                                         {product} {ergonomic}
     uint ConcGCThreads                            = 1                                         {product} {ergonomic}
     uint G1ConcRefinementThreads                  = 4                                         {product} {ergonomic}
   size_t G1HeapRegionSize                         = 1048576                                   {product} {ergonomic}
    uintx GCDrainStackTargetSize                   = 64                                        {product} {ergonomic}
   size_t InitialHeapSize                          = 134217728                                 {product} {ergonomic}
   size_t MarkStackSize                            = 4194304                                   {product} {ergonomic}
   size_t MaxHeapSize                              = 2147483648                                {product} {ergonomic}
   size_t MaxNewSize                               = 1287651328                                {product} {ergonomic}
   size_t MinHeapDeltaBytes                        = 1048576                                   {product} {ergonomic}
   size_t MinHeapSize                              = 8388608                                   {product} {ergonomic}
    uintx NonNMethodCodeHeapSize                   = 5832780                                {pd product} {ergonomic}
    uintx NonProfiledCodeHeapSize                  = 122912730                              {pd product} {ergonomic}
    uintx ProfiledCodeHeapSize                     = 122912730                              {pd product} {ergonomic}
    uintx ReservedCodeCacheSize                    = 251658240                              {pd product} {ergonomic}
     bool SegmentedCodeCache                       = true                                      {product} {ergonomic}
     bool ShowCodeDetailsInExceptionMessages       = true                                   {manageable} {command line}
   size_t SoftMaxHeapSize                          = 2147483648                             {manageable} {ergonomic}
     bool UseCompressedClassPointers               = true                           {product lp64_product} {ergonomic}
     bool UseCompressedOops                        = true                           {product lp64_product} {ergonomic}
     bool UseG1GC                                  = true                                      {product} {ergonomic}
     bool UseNUMA                                  = false                                     {product} {ergonomic}
     bool UseNUMAInterleaving                      = false                                     {product} {ergonomic}

Logging:
Log output configuration:
 #0: stdout all=warning uptime,level,tags
 #1: stderr all=off uptime,level,tags

Environment Variables:
PATH=/usr/local/bin:/usr/bin:/bin:/usr/sbin:/sbin:/Library/Apple/usr/bin
SHELL=/bin/bash
LANG=de_DE.UTF-8

Signal Handlers:
   SIGSEGV: _ZL13crash_handleriP9__siginfoPv in libjvm.dylib, mask=11100110000111110111111111111111, flags=SA_RESTART|SA_SIGINFO
    SIGBUS: _ZL13crash_handleriP9__siginfoPv in libjvm.dylib, mask=11100110000111110111111111111111, flags=SA_RESTART|SA_SIGINFO
    SIGFPE: _ZL13crash_handleriP9__siginfoPv in libjvm.dylib, mask=11100110000111110111111111111111, flags=SA_RESTART|SA_SIGINFO
   SIGPIPE: _ZL17javaSignalHandleriP9__siginfoPv in libjvm.dylib, mask=11100110000111110111111111111111, flags=SA_RESTART|SA_SIGINFO
   SIGXFSZ: _ZL17javaSignalHandleriP9__siginfoPv in libjvm.dylib, mask=11100110000111110111111111111111, flags=SA_RESTART|SA_SIGINFO
    SIGILL: _ZL13crash_handleriP9__siginfoPv in libjvm.dylib, mask=11100110000111110111111111111111, flags=SA_RESTART|SA_SIGINFO
   SIGUSR2: _ZL10SR_handleriP9__siginfoP17__darwin_ucontext in libjvm.dylib, mask=00000000000000000000000000000000, flags=SA_RESTART|SA_SIGINFO
    SIGHUP: _ZL11UserHandleriPvS_ in libjvm.dylib, mask=11100110000111110111111111111111, flags=SA_RESTART|SA_SIGINFO
    SIGINT: _ZL11UserHandleriPvS_ in libjvm.dylib, mask=11100110000111110111111111111111, flags=SA_RESTART|SA_SIGINFO
   SIGTERM: _ZL11UserHandleriPvS_ in libjvm.dylib, mask=11100110000111110111111111111111, flags=SA_RESTART|SA_SIGINFO
   SIGQUIT: _ZL11UserHandleriPvS_ in libjvm.dylib, mask=11100110000111110111111111111111, flags=SA_RESTART|SA_SIGINFO
   SIGTRAP: _ZL13crash_handleriP9__siginfoPv in libjvm.dylib, mask=11100110000111110111111111111111, flags=SA_RESTART|SA_SIGINFO


---------------  S Y S T E M  ---------------

OS:
uname: Darwin 21.5.0 Darwin Kernel Version 21.5.0: Tue Apr 26 21:08:22 PDT 2022; root:xnu-8020.121.3~4/RELEASE_X86_64 x86_64
OS uptime: 0 days 1:07 hours
rlimit (soft/hard): STACK 8192k/65532k , CORE 0k/infinity , NPROC 1392/2088 , NOFILE 10240/infinity , AS infinity/infinity , CPU infinity/infinity , DATA infinity/infinity , FSIZE infinity/infinity , MEMLOCK infinity/infinity , RSS infinity/infinity
load average: 3,98 3,53 4,58

CPU: total 4 (initial active 4) (2 cores per cpu, 2 threads per core) family 6 model 61 stepping 4 microcode 0x2f, cx8, cmov, fxsr, ht, mmx, 3dnowpref, sse, sse2, sse3, ssse3, sse4.1, sse4.2, popcnt, lzcnt, tsc, tscinvbit, avx, avx2, aes, erms, clmul, bmi1, bmi2, adx, fma, vzeroupper, clflush

Memory: 4k page, physical 8388608k(209220k free), swap 1048576k(978176k free)

vm_info: Java HotSpot(TM) 64-Bit Server VM (17.0.2+8-LTS-86) for bsd-amd64 JRE (17.0.2+8-LTS-86), built on Dec  7 2021 21:56:25 by "mach5one" with clang Apple LLVM 12.0.0 (clang-1200.0.32.29)

END.
